[2015-04-10 19:35:36] START
[2015-04-10 19:40:31] EDIT AAROGYA/controllers/default.py: 3
[2015-04-10 19:41:07] EDIT AAROGYA/controllers/default.py: 0
[2015-04-10 19:41:49] CREATE default/Patients_Form.html: 0
[2015-04-10 19:44:24] EDIT AAROGYA/models/db.py: 1
[2015-04-10 19:44:38] EDIT AAROGYA/models/db.py: 0
[2015-04-10 19:49:29] EDIT AAROGYA/models/db.py: 0
[2015-04-10 19:50:03] CREATE default/Registration_Form.html: 0
[2015-04-10 19:50:13] DELETE AAROGYA/views/default/Patients_Form.html: -3
[2015-04-10 19:50:37] EDIT AAROGYA/views/default/index.html: -31
[2015-04-10 19:51:09] EDIT AAROGYA/views/default/Registration_Form.html: -1
[2015-04-10 19:51:30] DELETE AAROGYA/views/default/Registration_Form.html: -2
[2015-04-10 19:51:39] CREATE default/Registration_Form.html: 0
[2015-04-10 19:52:03] EDIT AAROGYA/views/default/Registration_Form.html: 0
[2015-04-10 19:52:26] EDIT AAROGYA/views/default/Registration_Form.html: 0
[2015-04-10 19:57:01] EDIT AAROGYA/models/db.py: 0
[2015-04-30 23:25:58] EDIT AAROGYA/models/menu.py: -1
[2015-04-30 23:26:15] EDIT AAROGYA/models/menu.py: 0
[2015-04-30 23:27:42] EDIT AAROGYA/models/menu.py: 0
[2015-04-30 23:27:47] EDIT AAROGYA/models/menu.py: 0
[2015-04-30 23:29:48] EDIT AAROGYA/models/menu.py: 0
[2015-04-30 23:29:51] EDIT AAROGYA/models/menu.py: 0
[2015-04-30 23:31:36] EDIT AAROGYA/models/menu.py: 0
[2015-04-30 23:31:52] EDIT AAROGYA/models/menu.py: 0
[2015-04-30 23:35:06] EDIT AAROGYA/models/menu.py: 2
[2015-04-30 23:36:05] EDIT AAROGYA/models/menu.py: 0
[2015-04-30 23:36:10] EDIT AAROGYA/models/menu.py: 0
[2015-05-02 00:47:54] EDIT AAROGYA/models/menu.py: 0
[2015-05-02 00:48:41] EDIT AAROGYA/models/menu.py: 0
[2015-05-02 00:49:06] EDIT AAROGYA/models/menu.py: 0
[2015-05-02 00:58:52] EDIT AAROGYA/models/db.py: -6
[2015-05-02 01:03:55] EDIT AAROGYA/models/menu.py: 1
[2015-05-02 01:05:53] CREATE aarogya.py: 0
[2015-05-02 01:07:02] EDIT AAROGYA/models/aarogya.py: 23
[2015-05-02 01:07:59] EDIT AAROGYA/models/aarogya.py: -4
[2015-05-02 01:08:35] DELETE AAROGYA/models/aarogya.py: -19
[2015-05-02 01:09:35] EDIT AAROGYA/models/db.py: 20
[2015-05-02 01:11:01] EDIT AAROGYA/models/db.py: -1
[2015-05-02 01:11:33] EDIT AAROGYA/models/db.py: -4
[2015-05-02 01:43:49] EDIT AAROGYA/models/db.py: 13
[2015-05-02 01:44:24] EDIT AAROGYA/models/db.py: 0
[2015-05-02 01:45:20] EDIT AAROGYA/models/db.py: -1
[2015-05-02 01:45:35] EDIT AAROGYA/models/db.py: -1
[2015-05-02 01:46:01] EDIT AAROGYA/models/db.py: -2
[2015-05-02 01:47:53] EDIT AAROGYA/controllers/default.py: 31
[2015-05-02 01:50:50] EDIT AAROGYA/models/db.py: -1
[2015-05-02 01:54:19] EDIT AAROGYA/models/db.py: 3
[2015-05-02 01:55:24] EDIT AAROGYA/models/db.py: 1
[2015-05-02 02:16:30] EDIT AAROGYA/controllers/default.py: 3
[2015-05-02 02:18:26] EDIT AAROGYA/controllers/default.py: 1
[2015-05-02 02:18:53] EDIT AAROGYA/controllers/default.py: 0
[2015-05-02 02:19:28] EDIT AAROGYA/controllers/default.py: 0
[2015-05-02 02:19:55] EDIT AAROGYA/controllers/default.py: 0
[2015-05-02 02:21:57] EDIT AAROGYA/controllers/default.py: 0
[2015-05-02 02:22:28] EDIT AAROGYA/controllers/default.py: 0
[2015-05-02 02:24:58] CREATE default/_Appointments_Booked.html: 0
[2015-05-02 02:25:39] EDIT AAROGYA/views/default/_Appointments_Booked.html: 0
[2015-05-02 02:26:05] DELETE AAROGYA/views/default/_Appointments_Booked.html: -3
[2015-05-02 02:26:31] CREATE default/Appointments_Booked.html: 0
[2015-05-02 02:26:49] EDIT AAROGYA/views/default/Appointments_Booked.html: 0
[2015-05-02 02:27:11] EDIT AAROGYA/views/default/Appointments_Booked.html: 0
[2015-05-02 02:27:34] EDIT AAROGYA/views/default/Appointments_Booked.html: 0
[2015-05-02 02:27:49] EDIT AAROGYA/views/default/Appointments_Booked.html: 0
[2015-05-02 02:28:59] EDIT AAROGYA/views/default/Appointments_Booked.html: 0
[2015-05-02 02:29:21] EDIT AAROGYA/views/default/Appointments_Booked.html: 0
[2015-05-02 03:28:38] EDIT AAROGYA/controllers/default.py: 0
[2015-05-02 03:29:26] EDIT AAROGYA/views/default/Appointments_Booked.html: 1
[2015-05-02 03:29:35] EDIT AAROGYA/views/default/Appointments_Booked.html: 0
[2015-05-02 03:29:45] EDIT AAROGYA/views/default/Appointments_Booked.html: 0
[2015-05-02 03:29:56] EDIT AAROGYA/views/default/Appointments_Booked.html: 0
[2015-05-02 03:30:10] EDIT AAROGYA/views/default/Appointments_Booked.html: -1
[2015-05-02 03:34:06] EDIT AAROGYA/models/db.py: 0
[2015-05-02 03:34:19] EDIT AAROGYA/models/db.py: 0
[2015-05-02 03:34:45] EDIT AAROGYA/models/db.py: 0
[2015-05-02 03:35:46] EDIT AAROGYA/models/db.py: 0
[2015-05-02 03:37:03] EDIT AAROGYA/models/db.py: 0
[2015-05-02 03:37:39] EDIT AAROGYA/models/db.py: 0
[2015-05-02 03:38:32] EDIT AAROGYA/models/db.py: 0
[2015-05-02 03:39:59] EDIT AAROGYA/models/db.py: 0
[2015-05-02 03:43:34] EDIT AAROGYA/models/db.py: 0
[2015-05-02 03:43:36] EDIT AAROGYA/models/db.py: 0
[2015-05-02 03:44:53] EDIT AAROGYA/models/db.py: 0
[2015-05-02 03:46:38] EDIT AAROGYA/models/db.py: 0
[2015-05-02 03:48:33] EDIT AAROGYA/models/menu.py: 1
[2015-05-02 03:49:15] EDIT AAROGYA/models/menu.py: 0
[2015-05-02 03:49:58] EDIT AAROGYA/models/menu.py: 0
[2015-05-02 03:51:15] EDIT AAROGYA/controllers/default.py: 1
[2015-05-02 03:51:24] EDIT AAROGYA/controllers/default.py: 1
[2015-05-02 03:51:32] EDIT AAROGYA/controllers/default.py: 0
[2015-05-02 03:52:18] EDIT AAROGYA/models/menu.py: -2
[2015-05-02 03:53:21] EDIT AAROGYA/models/menu.py: -103
[2015-05-02 03:55:02] EDIT AAROGYA/controllers/default.py: 1
[2015-05-02 03:55:25] EDIT AAROGYA/views/default/index.html: 1
[2015-05-02 03:55:51] EDIT AAROGYA/views/default/index.html: 1
[2015-05-02 03:58:22] EDIT AAROGYA/models/db.py: 0
[2015-05-02 03:59:16] EDIT AAROGYA/models/db.py: 0
[2015-05-02 04:01:09] EDIT AAROGYA/models/db.py: 0
[2015-05-02 04:13:37] EDIT AAROGYA/views/default/index.html: 0
[2015-05-02 04:21:27] EDIT AAROGYA/views/default/index.html: 17
[2015-05-02 04:23:14] EDIT AAROGYA/views/default/index.html: 0
[2015-05-02 04:24:21] EDIT AAROGYA/views/default/index.html: 6
[2015-05-02 04:25:21] EDIT AAROGYA/views/default/index.html: 0
[2015-05-02 04:25:39] EDIT AAROGYA/views/default/index.html: 0
[2015-05-02 04:26:08] EDIT AAROGYA/views/default/index.html: 0
[2015-05-02 04:26:29] EDIT AAROGYA/views/default/index.html: 0
[2015-05-02 04:30:05] EDIT AAROGYA/views/default/index.html: 1
[2015-05-02 04:32:43] EDIT AAROGYA/views/default/index.html: 0
[2015-05-02 04:33:54] EDIT AAROGYA/views/default/index.html: 0
[2015-05-02 12:40:16] EDIT AAROGYA1/controllers/default.py: 10
[2015-05-02 12:40:20] EDIT AAROGYA1/controllers/default.py: 0
[2015-05-02 12:40:28] EDIT AAROGYA1/controllers/default.py: 0
[2015-05-02 12:40:31] EDIT AAROGYA1/controllers/default.py: 0
[2015-05-02 12:53:23] EDIT AAROGYA1/models/db.py: 5
[2015-05-02 12:53:24] EDIT AAROGYA1/models/db.py: 0
[2015-05-02 12:53:25] EDIT AAROGYA1/models/db.py: 0
[2015-05-02 12:53:30] EDIT AAROGYA1/models/db.py: 0
[2015-05-02 12:54:51] EDIT AAROGYA1/controllers/default.py: 6
[2015-05-02 13:01:36] EDIT AAROGYA1/controllers/default.py: 0
[2015-05-02 13:01:37] EDIT AAROGYA1/controllers/default.py: 0
[2015-05-02 13:05:36] EDIT AAROGYA1/controllers/default.py: 6
[2015-05-02 13:06:01] EDIT AAROGYA1/controllers/default.py: 0
[2015-05-02 13:06:51] EDIT AAROGYA1/controllers/default.py: 0
[2015-05-02 13:07:07] EDIT AAROGYA1/controllers/default.py: 0
[2015-05-02 13:07:07] EDIT AAROGYA1/controllers/default.py: 0
[2015-05-02 13:14:00] EDIT AAROGYA1/controllers/default.py: 1
[2015-05-02 13:14:35] EDIT AAROGYA1/controllers/default.py: 0
[2015-05-02 13:17:35] EDIT AAROGYA1/controllers/default.py: -1
[2015-05-02 13:22:02] EDIT AAROGYA1/controllers/default.py: 10
[2015-05-02 13:24:15] EDIT AAROGYA1/models/db.py: 0
[2015-05-02 13:24:16] EDIT AAROGYA1/models/db.py: 0
[2015-05-02 13:36:36] EDIT AAROGYA1/models/db.py: -5
[2015-05-02 13:36:37] EDIT AAROGYA1/models/db.py: 0
[2015-05-02 13:37:24] EDIT AAROGYA1/models/db.py: -2
[2015-05-02 13:37:25] EDIT AAROGYA1/models/db.py: 0
[2015-05-02 13:37:36] EDIT AAROGYA1/models/db.py: 0
[2015-05-02 13:37:36] EDIT AAROGYA1/models/db.py: 0
[2015-05-02 13:38:10] EDIT AAROGYA1/controllers/default.py: 0
[2015-05-02 13:38:21] EDIT AAROGYA1/controllers/default.py: 0
[2015-05-02 13:49:17] EDIT AAROGYA1/controllers/default.py: -1
[2015-05-02 13:49:18] EDIT AAROGYA1/controllers/default.py: 0
[2015-05-02 13:55:02] EDIT AAROGYA1/models/db.py: 0
[2015-05-02 13:56:38] EDIT AAROGYA1/controllers/default.py: -9
[2015-05-02 13:56:38] EDIT AAROGYA1/controllers/default.py: 0
[2015-05-02 14:27:39] EDIT AAROGYA1/controllers/default.py: 0
[2015-05-02 14:29:20] EDIT AAROGYA1/controllers/default.py: 0
[2015-05-02 14:29:45] EDIT AAROGYA1/controllers/default.py: 1
[2015-05-02 14:30:53] EDIT AAROGYA1/models/menu.py: 1
[2015-05-02 14:30:54] EDIT AAROGYA1/models/menu.py: 0
[2015-05-02 14:31:30] EDIT AAROGYA1/controllers/default.py: 1
[2015-05-02 14:31:31] EDIT AAROGYA1/controllers/default.py: 0
[2015-05-02 14:31:51] EDIT AAROGYA1/controllers/default.py: 0
[2015-05-02 14:31:56] EDIT AAROGYA1/controllers/default.py: 0
[2015-05-02 14:37:43] EDIT AAROGYA1/controllers/default.py: -12
[2015-05-02 14:37:58] EDIT AAROGYA1/controllers/default.py: 9
[2015-05-02 14:37:59] EDIT AAROGYA1/controllers/default.py: 0
[2015-05-02 14:38:49] EDIT AAROGYA1/models/menu.py: 0
[2015-05-02 14:44:36] EDIT AAROGYA1/controllers/default.py: 0
[2015-05-02 14:44:50] EDIT AAROGYA1/controllers/default.py: 0
[2015-05-02 14:45:22] EDIT AAROGYA1/models/menu.py: 0
[2015-05-02 14:48:26] EDIT AAROGYA1/controllers/default.py: -1
[2015-05-02 14:55:59] EDIT AAROGYA1/controllers/default.py: 0
[2015-05-02 15:23:21] EDIT AAROGYA1/controllers/default.py: 0
[2015-05-02 15:23:56] EDIT AAROGYA1/controllers/default.py: 0
[2015-05-02 15:25:02] EDIT AAROGYA1/controllers/default.py: -1
[2015-05-02 15:25:32] EDIT AAROGYA1/controllers/default.py: 0
[2015-05-02 15:25:39] EDIT AAROGYA1/controllers/default.py: 0
[2015-05-02 15:25:39] EDIT AAROGYA1/controllers/default.py: 0
[2015-05-02 15:25:40] EDIT AAROGYA1/controllers/default.py: 0
[2015-05-02 15:27:11] EDIT AAROGYA1/views/default/index.html: -26
[2015-05-02 15:27:11] EDIT AAROGYA1/views/default/index.html: 0
[2015-05-02 15:32:49] EDIT AAROGYA1/views/default/index.html: 32
[2015-05-02 15:32:50] EDIT AAROGYA1/views/default/index.html: 0
[2015-05-02 15:33:53] EDIT AAROGYA1/views/default/index.html: -32
[2015-05-02 15:33:54] EDIT AAROGYA1/views/default/index.html: 0
[2015-05-02 15:38:30] EDIT AAROGYA1/views/default/index.html: 4
[2015-05-02 15:38:30] EDIT AAROGYA1/views/default/index.html: 0
[2015-05-02 15:40:59] EDIT AAROGYA1/views/default/index.html: 0
[2015-05-02 15:41:00] EDIT AAROGYA1/views/default/index.html: 0
[2015-05-02 15:41:51] EDIT AAROGYA1/views/default/index.html: 3
[2015-05-02 15:43:04] EDIT AAROGYA1/views/default/index.html: 0
[2015-05-02 15:43:06] EDIT AAROGYA1/views/default/index.html: 0
[2015-05-02 15:43:09] EDIT AAROGYA1/views/default/index.html: 0
[2015-05-02 15:43:15] EDIT AAROGYA1/views/default/index.html: 1
[2015-05-02 15:44:00] EDIT AAROGYA1/views/default/index.html: 0
[2015-05-02 15:44:01] EDIT AAROGYA1/views/default/index.html: 0
[2015-05-02 15:46:11] EDIT AAROGYA1/views/default/Registration_Form.html: 1
[2015-05-02 15:47:13] EDIT AAROGYA1/views/default/Registration_Form.html: 0
[2015-05-02 15:47:22] EDIT AAROGYA1/views/default/Registration_Form.html: 0
[2015-05-02 15:47:30] EDIT AAROGYA1/views/default/Registration_Form.html: 0
[2015-05-02 15:47:47] EDIT AAROGYA1/views/default/Registration_Form.html: 0
[2015-05-02 15:48:00] EDIT AAROGYA1/views/default/Registration_Form.html: 0
[2015-05-02 15:51:03] EDIT AAROGYA1/views/default/Registration_Form.html: 13
[2015-05-02 15:51:11] EDIT AAROGYA1/views/default/Registration_Form.html: 0
[2015-05-02 15:51:41] EDIT AAROGYA1/views/default/Registration_Form.html: -13
[2015-05-02 15:54:29] EDIT AAROGYA1/views/default/Registration_Form.html: 10
[2015-05-02 15:54:35] EDIT AAROGYA1/views/default/Registration_Form.html: 0
[2015-05-02 15:54:36] EDIT AAROGYA1/views/default/Registration_Form.html: 0
[2015-05-02 15:54:37] EDIT AAROGYA1/views/default/Registration_Form.html: 0
[2015-05-02 15:55:59] EDIT AAROGYA1/views/default/Registration_Form.html: -3
[2015-05-02 15:56:21] EDIT AAROGYA1/views/default/Registration_Form.html: -1
[2015-05-02 15:59:58] EDIT AAROGYA1/views/default/Registration_Form.html: 0
[2015-05-02 15:59:58] EDIT AAROGYA1/views/default/Registration_Form.html: 0
[2015-05-02 16:08:14] EDIT AAROGYA1/views/default/Registration_Form.html: 5
[2015-05-02 16:08:37] EDIT AAROGYA1/views/default/Registration_Form.html: 1
[2015-05-02 16:08:45] EDIT AAROGYA1/views/default/Registration_Form.html: 0
[2015-05-02 16:09:02] EDIT AAROGYA1/views/default/Registration_Form.html: 0
[2015-05-02 16:16:04] EDIT AAROGYA1/views/default/index.html: 0
[2015-05-02 16:21:46] EDIT AAROGYA1/views/default/Registration_Form.html: 1
[2015-05-02 16:24:06] EDIT AAROGYA1/views/default/Registration_Form.html: 1
[2015-05-02 16:24:17] EDIT AAROGYA1/views/default/Registration_Form.html: 0
[2015-05-02 16:24:24] EDIT AAROGYA1/views/default/Registration_Form.html: 0
[2015-05-02 16:25:32] EDIT AAROGYA1/views/default/index.html: 0
[2015-05-02 16:26:17] CREATE default/Sending_Email.html: 0
[2015-05-02 16:27:26] EDIT AAROGYA1/views/default/Sending_Email.html: 0
[2015-05-02 16:30:13] EDIT AAROGYA1/views/default/index.html: 8
[2015-05-02 16:38:38] EDIT AAROGYA1/views/default/index.html: -2
[2015-05-02 16:39:10] EDIT AAROGYA1/views/default/index.html: 0
[2015-05-02 16:39:16] EDIT AAROGYA1/views/default/index.html: 0
[2015-05-02 16:39:24] EDIT AAROGYA1/views/default/index.html: 0
[2015-05-02 16:39:33] EDIT AAROGYA1/views/default/index.html: 0
[2015-05-02 16:40:00] EDIT AAROGYA1/views/default/index.html: 0
[2015-05-02 16:40:17] EDIT AAROGYA1/views/default/index.html: 0
[2015-05-02 16:40:27] EDIT AAROGYA1/views/default/index.html: 0
[2015-05-02 16:56:29] EDIT AAROGYA1/views/default/index.html: 8
[2015-05-02 16:56:29] EDIT AAROGYA1/views/default/index.html: 0
[2015-05-02 16:57:09] EDIT AAROGYA1/views/default/index.html: 0
[2015-05-02 16:57:10] EDIT AAROGYA1/views/default/index.html: 0
[2015-05-02 16:58:04] EDIT AAROGYA1/views/default/index.html: 3
[2015-05-02 16:58:59] EDIT AAROGYA1/views/default/index.html: -2
[2015-05-02 17:00:57] EDIT AAROGYA1/views/default/index.html: 0
[2015-05-02 17:01:21] EDIT AAROGYA1/views/default/index.html: 0
[2015-05-02 17:01:37] EDIT AAROGYA1/views/default/index.html: 0
[2015-05-02 17:01:50] EDIT AAROGYA1/views/default/index.html: 0
[2015-05-02 17:02:17] EDIT AAROGYA1/views/default/index.html: 0
[2015-05-02 17:02:33] EDIT AAROGYA1/views/default/index.html: 0
[2015-05-02 17:02:47] EDIT AAROGYA1/views/default/index.html: 0
[2015-05-02 17:03:22] EDIT AAROGYA1/views/default/index.html: 0
[2015-05-02 17:03:33] EDIT AAROGYA1/views/default/index.html: 0
[2015-05-02 17:03:42] EDIT AAROGYA1/views/default/index.html: 0
[2015-05-02 17:03:52] EDIT AAROGYA1/views/default/index.html: 0
[2015-05-02 17:04:08] EDIT AAROGYA1/views/default/index.html: 0
[2015-05-02 17:04:48] EDIT AAROGYA1/views/default/index.html: -1
[2015-05-02 17:05:30] EDIT AAROGYA1/views/default/index.html: 0
[2015-05-02 17:05:39] EDIT AAROGYA1/views/default/index.html: 0
[2015-05-02 17:06:34] EDIT AAROGYA1/views/default/index.html: 0
[2015-05-02 17:06:48] EDIT AAROGYA1/views/default/index.html: 0
[2015-05-02 17:07:03] EDIT AAROGYA1/views/default/index.html: 0
[2015-05-02 17:07:12] EDIT AAROGYA1/views/default/index.html: 0
[2015-05-02 17:09:13] EDIT AAROGYA1/views/default/index.html: 4
[2015-05-02 17:09:14] EDIT AAROGYA1/views/default/index.html: 0
[2015-05-02 17:09:39] EDIT AAROGYA1/views/default/index.html: 0
[2015-05-02 17:10:46] EDIT AAROGYA1/views/default/index.html: 0
[2015-05-02 17:11:05] EDIT AAROGYA1/views/default/index.html: 0
[2015-05-02 17:11:18] EDIT AAROGYA1/views/default/index.html: 0
[2015-05-02 17:11:29] EDIT AAROGYA1/views/default/index.html: 0
[2015-05-02 17:11:41] EDIT AAROGYA1/views/default/index.html: 0
[2015-05-02 17:13:16] EDIT AAROGYA1/views/default/index.html: 0
[2015-05-02 17:13:57] EDIT AAROGYA1/views/default/index.html: 2
[2015-05-02 17:14:41] EDIT AAROGYA1/views/default/index.html: 0
[2015-05-02 17:14:54] EDIT AAROGYA1/views/default/index.html: 0
[2015-05-02 17:15:33] EDIT AAROGYA1/views/default/index.html: 7
[2015-05-02 17:17:23] EDIT AAROGYA1/views/default/index.html: 20
[2015-05-02 17:17:23] EDIT AAROGYA1/views/default/index.html: 0
[2015-05-02 17:24:29] EDIT AAROGYA1/views/default/index.html: 10
[2015-05-02 17:25:02] EDIT AAROGYA1/views/default/index.html: 2
[2015-05-02 17:25:59] EDIT AAROGYA1/views/default/index.html: 0
[2015-05-02 17:26:37] EDIT AAROGYA1/views/default/index.html: -12
[2015-05-02 17:34:39] EDIT AAROGYA1/models/menu.py: 1
[2015-05-02 17:34:40] EDIT AAROGYA1/models/menu.py: 0
[2015-05-02 17:38:14] EDIT AAROGYA1/controllers/default.py: 3
[2015-05-02 17:39:34] CREATE default/Equipments.html: 0
[2015-05-02 17:40:09] EDIT AAROGYA1/views/default/Equipments.html: -1
[2015-05-02 17:40:10] EDIT AAROGYA1/views/default/Equipments.html: 0
[2015-05-02 17:40:48] EDIT AAROGYA1/views/default/Equipments.html: 0
[2015-05-02 17:42:29] EDIT AAROGYA1/views/default/Appointments_Booked.html: 0
[2015-05-02 17:42:50] EDIT AAROGYA1/views/default/Appointments_Booked.html: -1
[2015-05-02 17:43:02] EDIT AAROGYA1/views/default/Appointments_Booked.html: 1
[2015-05-02 17:43:53] EDIT AAROGYA1/views/default/Equipments.html: 0
[2015-05-02 17:53:24] EDIT AAROGYA1/controllers/default.py: 1
[2015-05-02 17:54:24] EDIT AAROGYA1/views/default/Equipments.html: -1
[2015-05-02 17:56:20] EDIT AAROGYA1/views/default/Equipments.html: 1
[2015-05-02 17:56:21] EDIT AAROGYA1/views/default/Equipments.html: 0
[2015-05-02 17:57:53] EDIT AAROGYA1/views/default/Equipments.html: 7
[2015-05-02 17:57:53] EDIT AAROGYA1/views/default/Equipments.html: 0
[2015-05-02 17:58:10] EDIT AAROGYA1/views/default/Equipments.html: 0
[2015-05-02 17:58:10] EDIT AAROGYA1/views/default/Equipments.html: 0
[2015-05-02 17:58:27] EDIT AAROGYA1/views/default/Equipments.html: -1
[2015-05-02 17:58:58] EDIT AAROGYA1/views/default/Equipments.html: 0
[2015-05-02 17:59:11] EDIT AAROGYA1/views/default/Equipments.html: 0
[2015-05-02 17:59:14] EDIT AAROGYA1/views/default/Equipments.html: 0
[2015-05-02 17:59:32] EDIT AAROGYA1/views/default/Equipments.html: 0
[2015-05-02 17:59:47] EDIT AAROGYA1/views/default/Equipments.html: 0
[2015-05-02 18:02:45] EDIT AAROGYA1/views/default/Equipments.html: 0
[2015-05-02 18:21:57] EDIT AAROGYA1/views/default/Equipments.html: 40
[2015-05-02 18:27:13] EDIT AAROGYA1/views/default/Equipments.html: 10
[2015-05-02 18:27:13] EDIT AAROGYA1/views/default/Equipments.html: 0
[2015-05-02 18:31:10] EDIT AAROGYA1/views/default/Equipments.html: 5
[2015-05-02 18:40:05] EDIT AAROGYA1/views/default/Equipments.html: 0
[2015-05-02 18:40:05] EDIT AAROGYA1/views/default/Equipments.html: 0
[2015-05-02 18:40:37] EDIT AAROGYA1/views/default/Equipments.html: 0
[2015-05-02 18:40:48] EDIT AAROGYA1/views/default/Equipments.html: 0
[2015-05-02 18:42:09] EDIT AAROGYA1/views/default/Equipments.html: 0
[2015-05-02 18:42:37] EDIT AAROGYA1/views/default/Equipments.html: 0
[2015-05-02 18:42:56] EDIT AAROGYA1/views/default/Equipments.html: 0
[2015-05-02 18:43:07] EDIT AAROGYA1/views/default/Equipments.html: 0
[2015-05-02 18:44:19] EDIT AAROGYA1/views/default/Equipments.html: 1
[2015-05-02 18:45:28] EDIT AAROGYA1/views/default/Equipments.html: 0
[2015-05-02 18:48:51] EDIT AAROGYA1/views/default/Equipments.html: 0
[2015-05-02 18:48:51] EDIT AAROGYA1/views/default/Equipments.html: 0
[2015-05-02 18:53:52] EDIT AAROGYA1/views/default/Equipments.html: 0
[2015-05-02 19:20:26] EDIT AAROGYA1/views/default/Appointments_Booked.html: 15
[2015-05-02 19:20:38] EDIT AAROGYA1/views/default/Appointments_Booked.html: 0
[2015-05-03 12:21:37] EDIT AAROGYA1/models/menu.py: 8
[2015-05-03 12:21:55] EDIT AAROGYA1/models/menu.py: 0
[2015-05-03 12:30:14] EDIT AAROGYA1/models/menu.py: 1
[2015-05-03 12:30:15] EDIT AAROGYA1/models/menu.py: 0
[2015-05-03 12:30:15] EDIT AAROGYA1/models/menu.py: 0
[2015-05-03 12:30:16] EDIT AAROGYA1/models/menu.py: 0
[2015-05-03 12:30:16] EDIT AAROGYA1/models/menu.py: 0
[2015-05-03 12:30:16] EDIT AAROGYA1/models/menu.py: 0
[2015-05-03 12:30:17] EDIT AAROGYA1/models/menu.py: 0
[2015-05-03 12:32:52] EDIT AAROGYA1/controllers/default.py: 2
[2015-05-03 12:33:17] EDIT AAROGYA1/controllers/default.py: 1
[2015-05-03 12:33:22] EDIT AAROGYA1/controllers/default.py: 0
[2015-05-03 12:33:37] EDIT AAROGYA1/controllers/default.py: 1
[2015-05-03 12:33:57] EDIT AAROGYA1/controllers/default.py: 0
[2015-05-03 12:34:04] EDIT AAROGYA1/models/menu.py: 0
[2015-05-03 12:34:09] EDIT AAROGYA1/models/menu.py: 0
[2015-05-03 12:34:15] EDIT AAROGYA1/models/menu.py: 0
[2015-05-03 12:34:18] EDIT AAROGYA1/models/menu.py: 0
[2015-05-03 12:35:14] EDIT AAROGYA1/models/menu.py: 0
[2015-05-03 12:35:31] EDIT AAROGYA1/models/menu.py: 0
[2015-05-03 12:36:24] CREATE default/Manager.html: 0
[2015-05-03 12:36:48] EDIT AAROGYA1/views/default/Manager.html: -1
[2015-05-03 12:43:44] EDIT AAROGYA1/views/default/Equipments.html: 0
[2015-05-03 12:59:48] EDIT AAROGYA1/views/default/Appointments_Booked.html: 21
[2015-05-03 13:01:33] EDIT AAROGYA1/views/default/Appointments_Booked.html: 5
[2015-05-03 13:01:33] EDIT AAROGYA1/views/default/Appointments_Booked.html: 0
[2015-05-03 13:01:35] EDIT AAROGYA1/views/default/Appointments_Booked.html: 0
[2015-05-03 13:02:33] EDIT AAROGYA1/views/default/Appointments_Booked.html: 2
[2015-05-03 13:02:33] EDIT AAROGYA1/views/default/Appointments_Booked.html: 0
[2015-05-03 13:03:38] EDIT AAROGYA1/views/default/Appointments_Booked.html: 0
[2015-05-03 13:03:40] EDIT AAROGYA1/views/default/Appointments_Booked.html: 0
[2015-05-03 13:03:42] EDIT AAROGYA1/views/default/Appointments_Booked.html: 0
[2015-05-03 13:04:31] EDIT AAROGYA1/views/default/Appointments_Booked.html: -4
[2015-05-03 13:04:42] EDIT AAROGYA1/views/default/Appointments_Booked.html: -2
[2015-05-03 13:05:24] EDIT AAROGYA1/views/default/Appointments_Booked.html: 1
[2015-05-03 13:07:36] EDIT AAROGYA1/views/default/Appointments_Booked.html: 0
[2015-05-03 13:07:37] EDIT AAROGYA1/views/default/Appointments_Booked.html: 0
[2015-05-03 13:08:29] EDIT AAROGYA1/views/default/Appointments_Booked.html: 0
[2015-05-03 13:08:29] EDIT AAROGYA1/views/default/Appointments_Booked.html: 0
[2015-05-03 13:09:26] EDIT AAROGYA1/views/default/Appointments_Booked.html: 2
[2015-05-03 13:09:26] EDIT AAROGYA1/views/default/Appointments_Booked.html: 0
[2015-05-03 13:12:19] EDIT AAROGYA1/views/default/Appointments_Booked.html: 0
[2015-05-03 13:12:19] EDIT AAROGYA1/views/default/Appointments_Booked.html: 0
[2015-05-03 13:13:46] EDIT AAROGYA1/views/default/Appointments_Booked.html: 0
[2015-05-03 13:15:44] EDIT AAROGYA1/views/default/Appointments_Booked.html: 0
[2015-05-03 13:16:55] EDIT AAROGYA1/views/default/Appointments_Booked.html: 2
[2015-05-03 13:17:16] EDIT AAROGYA1/views/default/Appointments_Booked.html: 0
[2015-05-03 13:20:55] EDIT AAROGYA1/views/default/Appointments_Booked.html: -8
[2015-05-03 13:20:56] EDIT AAROGYA1/views/default/Appointments_Booked.html: 0
[2015-05-03 13:21:12] EDIT AAROGYA1/views/default/Appointments_Booked.html: 0
[2015-05-03 13:23:31] EDIT AAROGYA1/views/default/Appointments_Booked.html: -4
[2015-05-03 13:24:24] EDIT AAROGYA1/views/default/Appointments_Booked.html: 8
[2015-05-03 13:24:25] EDIT AAROGYA1/views/default/Appointments_Booked.html: 0
[2015-05-03 13:24:44] EDIT AAROGYA1/views/default/Appointments_Booked.html: 2
[2015-05-03 13:26:47] EDIT AAROGYA1/controllers/default.py: 0
[2015-05-03 13:27:23] EDIT AAROGYA1/controllers/default.py: -1
[2015-05-03 13:27:24] EDIT AAROGYA1/controllers/default.py: 0
[2015-05-03 13:27:24] EDIT AAROGYA1/controllers/default.py: 0
[2015-05-03 13:32:35] EDIT AAROGYA1/controllers/default.py: 9
[2015-05-03 13:32:36] EDIT AAROGYA1/controllers/default.py: 0
[2015-05-03 13:34:43] EDIT AAROGYA1/controllers/default.py: 2
[2015-05-03 13:35:28] CREATE default/Show.html: 0
[2015-05-03 13:35:46] EDIT AAROGYA1/controllers/default.py: 0
[2015-05-03 13:36:13] EDIT AAROGYA1/views/default/Show.html: -1
[2015-05-03 13:36:30] CREATE default/Search.html: 0
[2015-05-03 13:36:43] EDIT AAROGYA1/controllers/default.py: 0
[2015-05-03 13:37:27] EDIT AAROGYA1/views/default/Search.html: 1
[2015-05-03 13:38:11] EDIT AAROGYA1/models/menu.py: 1
[2015-05-03 13:38:28] EDIT AAROGYA1/models/menu.py: 1
[2015-05-03 14:06:32] EDIT AAROGYA1/models/menu.py: 0
[2015-05-03 14:12:33] EDIT AAROGYA1/models/menu.py: 0
[2015-05-03 14:12:33] EDIT AAROGYA1/models/menu.py: 0
[2015-05-03 14:12:34] EDIT AAROGYA1/models/menu.py: 0
[2015-05-03 14:29:41] EDIT AAROGYA1/controllers/default.py: 0
[2015-05-03 14:29:41] EDIT AAROGYA1/controllers/default.py: 0
[2015-05-03 19:17:22] EDIT AAROGYA1/models/db.py: -26
[2015-05-03 19:18:07] EDIT AAROGYA1/models/db.py: 0
[2015-05-03 19:34:57] EDIT AAROGYA1/controllers/default.py: 2
[2015-05-03 19:35:15] EDIT AAROGYA1/controllers/default.py: 0
[2015-05-03 19:35:17] EDIT AAROGYA1/controllers/default.py: 0
[2015-05-03 19:35:24] EDIT AAROGYA1/controllers/default.py: 0
[2015-05-03 19:35:26] EDIT AAROGYA1/controllers/default.py: 0
[2015-05-03 19:37:30] EDIT AAROGYA1/models/menu.py: 0
[2015-05-03 19:40:33] EDIT AAROGYA1/models/db.py: 0
[2015-05-03 19:42:56] EDIT AAROGYA1/controllers/default.py: -2
[2015-05-03 19:45:32] EDIT AAROGYA1/models/db.py: 0
[2015-05-03 19:47:15] EDIT AAROGYA1/controllers/default.py: 2
[2015-05-03 19:47:48] EDIT AAROGYA1/controllers/default.py: 1
[2015-05-03 19:47:57] EDIT AAROGYA1/controllers/default.py: 0
[2015-05-03 19:49:38] EDIT AAROGYA1/controllers/default.py: 0
[2015-05-03 19:50:26] CREATE default/Display.html: 0
[2015-05-03 19:52:14] EDIT AAROGYA1/views/default/Display.html: 2
[2015-05-03 19:53:38] EDIT AAROGYA1/models/menu.py: 0
[2015-05-03 19:54:52] EDIT AAROGYA1/models/db.py: 0
[2015-05-03 19:55:54] EDIT AAROGYA1/controllers/default.py: 0
[2015-05-03 19:56:53] EDIT AAROGYA1/controllers/default.py: 0
[2015-05-03 19:57:24] EDIT AAROGYA1/controllers/default.py: 0
[2015-05-03 19:57:38] EDIT AAROGYA1/controllers/default.py: 0
[2015-05-03 20:02:28] EDIT AAROGYA1/views/default/Display.html: 0
[2015-05-03 20:16:52] EDIT AAROGYA1/models/db.py: 0
[2015-05-03 20:17:01] EDIT AAROGYA1/models/db.py: 0
[2015-05-03 20:17:13] EDIT AAROGYA1/models/db.py: 0
[2015-05-03 20:19:07] EDIT AAROGYA1/controllers/default.py: 0
[2015-05-03 20:19:56] EDIT AAROGYA1/controllers/default.py: 0
[2015-05-03 20:20:26] EDIT AAROGYA1/views/default/Display.html: -1
[2015-05-03 20:26:30] EDIT AAROGYA1/controllers/default.py: 1
[2015-05-03 20:26:51] EDIT AAROGYA1/controllers/default.py: 0
[2015-05-03 20:26:51] EDIT AAROGYA1/controllers/default.py: 0
[2015-05-03 20:26:52] EDIT AAROGYA1/controllers/default.py: 0
[2015-05-03 20:26:52] EDIT AAROGYA1/controllers/default.py: 0
[2015-05-03 20:28:38] EDIT AAROGYA1/controllers/default.py: 4
[2015-05-03 20:29:01] CREATE default/Display1.html: 0
[2015-05-03 20:29:50] EDIT AAROGYA1/views/default/Display1.html: 0
[2015-05-03 20:31:11] EDIT AAROGYA1/models/menu.py: 0
[2015-05-03 20:31:11] EDIT AAROGYA1/models/menu.py: 0
[2015-05-03 20:45:49] EDIT AAROGYA1/views/default/Display1.html: 24
[2015-05-03 20:45:50] EDIT AAROGYA1/views/default/Display1.html: 0
[2015-05-03 20:47:09] EDIT AAROGYA1/views/default/Display1.html: 0
[2015-05-03 20:47:09] EDIT AAROGYA1/views/default/Display1.html: 0
[2015-05-03 20:47:35] EDIT AAROGYA1/views/default/Display1.html: 0
[2015-05-03 20:47:36] EDIT AAROGYA1/views/default/Display1.html: 0
[2015-05-03 20:48:33] EDIT AAROGYA1/views/default/Display1.html: 0
[2015-05-03 20:49:13] EDIT AAROGYA1/views/default/Display1.html: 0
[2015-05-03 20:49:36] EDIT AAROGYA1/views/default/Display1.html: 0
[2015-05-03 20:53:54] EDIT AAROGYA1/views/default/Display1.html: 0
[2015-05-03 20:54:57] EDIT AAROGYA1/views/default/Display1.html: 10
[2015-05-03 20:55:21] EDIT AAROGYA1/views/default/Display1.html: 0
[2015-05-03 21:58:45] EDIT AAROGYA1/models/db.py: 1
[2015-05-03 22:01:53] EDIT AAROGYA1/controllers/default.py: 8
[2015-05-03 22:01:59] EDIT AAROGYA1/controllers/default.py: 0
[2015-05-03 22:02:01] EDIT AAROGYA1/controllers/default.py: 0
[2015-05-03 22:02:32] EDIT AAROGYA1/models/menu.py: 0
[2015-05-03 22:04:48] EDIT AAROGYA1/models/menu.py: 1
[2015-05-03 22:05:31] EDIT AAROGYA1/controllers/default.py: 0
[2015-05-03 22:07:24] EDIT AAROGYA1/models/menu.py: 1
[2015-05-03 22:17:57] CREATE default/Medicines.html: 0
[2015-05-03 22:20:27] EDIT AAROGYA1/views/default/Medicines.html: 0
[2015-05-03 22:21:05] CREATE default/Medicines1.html: 0
[2015-05-03 22:23:18] EDIT AAROGYA1/views/default/Medicines1.html: 2
[2015-05-03 22:34:27] EDIT AAROGYA1/views/default/Search.html: 7
[2015-05-03 22:34:39] EDIT AAROGYA1/views/default/Search.html: 0
[2015-05-03 22:37:49] EDIT AAROGYA1/views/default/Medicines.html: 7
[2015-05-03 22:37:56] EDIT AAROGYA1/views/default/Medicines.html: 0
[2015-05-03 22:39:08] EDIT AAROGYA1/views/default/Medicines1.html: 7
[2015-05-03 22:39:25] EDIT AAROGYA1/views/default/Medicines1.html: 0
[2015-05-03 22:39:26] EDIT AAROGYA1/views/default/Medicines1.html: 0
[2015-05-03 22:46:57] EDIT AAROGYA1/controllers/default.py: 0
[2015-05-03 22:48:02] EDIT AAROGYA1/views/default/Medicines1.html: 1
[2015-05-03 22:48:04] EDIT AAROGYA1/views/default/Medicines1.html: 0
[2015-05-03 22:48:35] EDIT AAROGYA1/views/default/Medicines1.html: -1
[2015-05-03 22:48:35] EDIT AAROGYA1/views/default/Medicines1.html: 0
[2015-05-03 22:50:42] EDIT AAROGYA1/views/default/Manager.html: 7
[2015-05-03 22:50:52] EDIT AAROGYA1/views/default/Manager.html: 0
[2015-05-03 22:50:53] EDIT AAROGYA1/views/default/Manager.html: 0
[2015-05-03 22:58:55] EDIT AAROGYA1/views/default/Manager.html: 0
[2015-05-03 22:58:56] EDIT AAROGYA1/views/default/Manager.html: 0
[2015-05-03 23:00:18] EDIT AAROGYA1/views/default/Manager.html: 0
[2015-05-03 23:00:18] EDIT AAROGYA1/views/default/Manager.html: 0
[2015-05-03 23:06:42] EDIT AAROGYA1/views/default/Appointments_Booked.html: 0
[2015-05-03 23:06:42] EDIT AAROGYA1/views/default/Appointments_Booked.html: 0
[2015-05-03 23:07:56] EDIT AAROGYA1/views/default/Appointments_Booked.html: 0
[2015-05-03 23:08:28] EDIT AAROGYA1/views/default/Appointments_Booked.html: 0
[2015-05-03 23:09:44] EDIT AAROGYA1/views/default/Appointments_Booked.html: 0
[2015-05-03 23:11:32] EDIT AAROGYA1/views/default/Appointments_Booked.html: 0
[2015-05-03 23:12:26] EDIT AAROGYA1/views/default/Appointments_Booked.html: 0
[2015-05-03 23:12:48] EDIT AAROGYA1/views/default/Appointments_Booked.html: 0
[2015-05-03 23:14:50] EDIT AAROGYA1/views/default/Appointments_Booked.html: 0
[2015-05-03 23:16:18] EDIT AAROGYA1/views/default/Appointments_Booked.html: 6
[2015-05-03 23:16:45] EDIT AAROGYA1/views/default/Appointments_Booked.html: 0
[2015-05-03 23:26:53] EDIT AAROGYA1/controllers/default.py: 0
[2015-05-03 23:31:50] EDIT AAROGYA1/views/default/Registration_Form.html: 0
[2015-05-03 23:40:13] EDIT AAROGYA1/views/default/Registration_Form.html: 0
[2015-05-03 23:48:28] EDIT AAROGYA1/views/default/Registration_Form.html: 0
[2015-05-03 23:52:10] EDIT AAROGYA1/views/default/Registration_Form.html: 0
[2015-05-03 23:54:19] EDIT AAROGYA1/controllers/default.py: 0
[2015-05-03 23:54:24] EDIT AAROGYA1/controllers/default.py: 0
[2015-05-04 00:14:24] EDIT AAROGYA1/models/menu.py: 0
[2015-05-04 00:39:45] EDIT AAROGYA1/controllers/default.py: 2
[2015-05-04 00:40:06] EDIT AAROGYA1/controllers/default.py: 0
[2015-05-04 00:40:07] EDIT AAROGYA1/controllers/default.py: 0
[2015-05-04 00:40:18] EDIT AAROGYA1/controllers/default.py: 0
[2015-05-04 00:40:27] EDIT AAROGYA1/controllers/default.py: -1
[2015-05-04 00:40:29] EDIT AAROGYA1/controllers/default.py: 0
[2015-05-04 00:40:32] EDIT AAROGYA1/controllers/default.py: 0
[2015-05-04 00:41:23] EDIT AAROGYA1/controllers/default.py: 0
[2015-05-04 00:41:30] EDIT AAROGYA1/controllers/default.py: 0
[2015-05-04 00:41:33] EDIT AAROGYA1/controllers/default.py: 0
[2015-05-04 00:41:38] EDIT AAROGYA1/controllers/default.py: 0
[2015-05-04 00:42:33] EDIT AAROGYA1/controllers/default.py: 1
[2015-05-04 00:45:13] EDIT AAROGYA1/views/default/Sending_Email.html: 11
[2015-05-04 00:45:55] EDIT AAROGYA1/views/default/Sending_Email.html: -2
[2015-05-04 00:45:56] EDIT AAROGYA1/views/default/Sending_Email.html: 0
[2015-05-04 00:45:56] EDIT AAROGYA1/views/default/Sending_Email.html: 0
[2015-05-04 00:45:57] EDIT AAROGYA1/views/default/Sending_Email.html: 0
[2015-05-04 00:46:31] EDIT AAROGYA1/views/default/Sending_Email.html: 0
[2015-05-04 00:52:50] EDIT AAROGYA1/models/menu.py: 0
[2015-05-04 00:53:30] EDIT AAROGYA1/models/menu.py: 0
[2015-05-04 01:06:10] EDIT AAROGYA1/views/default/Appointments_Booked.html: 2
[2015-05-04 01:06:47] EDIT AAROGYA1/views/default/Appointments_Booked.html: 0
[2015-05-04 01:07:34] EDIT AAROGYA1/views/default/Appointments_Booked.html: 0
[2015-05-04 01:07:53] EDIT AAROGYA1/views/default/Appointments_Booked.html: 0
[2015-05-04 01:07:56] EDIT AAROGYA1/views/default/Appointments_Booked.html: -1
[2015-05-04 01:08:29] EDIT AAROGYA1/views/default/Appointments_Booked.html: 0
[2015-05-04 01:09:52] EDIT AAROGYA1/views/default/Appointments_Booked.html: 2
[2015-05-04 01:10:02] EDIT AAROGYA1/views/default/Appointments_Booked.html: 0
[2015-05-04 01:10:23] EDIT AAROGYA1/views/default/Appointments_Booked.html: 1
[2015-05-04 12:00:44] EDIT AAROGYA1/views/default/Appointments_Booked.html: 0
[2015-05-04 12:00:44] EDIT AAROGYA1/views/default/Appointments_Booked.html: 0
[2015-05-04 12:04:53] EDIT AAROGYA1/views/default/Appointments_Booked.html: 0
[2015-05-04 12:04:53] EDIT AAROGYA1/views/default/Appointments_Booked.html: 0
[2015-05-04 12:07:22] EDIT AAROGYA1/views/default/Appointments_Booked.html: 0
[2015-05-04 12:07:22] EDIT AAROGYA1/views/default/Appointments_Booked.html: 0
[2015-05-04 12:11:02] EDIT AAROGYA1/views/default/Equipments.html: 0
[2015-05-04 12:13:48] EDIT AAROGYA1/views/default/Display.html: 7
[2015-05-04 12:13:59] EDIT AAROGYA1/views/default/Appointments_Booked.html: 0
[2015-05-04 12:14:05] EDIT AAROGYA1/views/default/Appointments_Booked.html: 0
[2015-05-04 12:20:05] EDIT AAROGYA1/views/default/Appointments_Booked.html: 0
[2015-05-04 12:40:18] EDIT AAROGYA1/views/default/Appointments_Booked.html: 0
[2015-05-04 12:41:23] EDIT AAROGYA1/views/default/Appointments_Booked.html: 0
[2015-05-04 12:43:33] EDIT AAROGYA1/views/default/Appointments_Booked.html: 0
[2015-05-04 12:44:24] EDIT AAROGYA1/views/default/Appointments_Booked.html: 0
[2015-05-04 12:48:02] EDIT AAROGYA1/views/default/Appointments_Booked.html: 0
[2015-05-04 12:50:57] EDIT AAROGYA1/views/default/Appointments_Booked.html: 0
[2015-05-04 12:51:25] EDIT AAROGYA1/views/default/Appointments_Booked.html: 0
[2015-05-04 12:52:33] EDIT AAROGYA1/views/default/Appointments_Booked.html: 0
[2015-05-04 12:57:53] EDIT AAROGYA1/views/default/Appointments_Booked.html: 0
[2015-05-04 12:58:05] EDIT AAROGYA1/views/default/Appointments_Booked.html: 0
[2015-05-04 12:58:20] EDIT AAROGYA1/views/default/Appointments_Booked.html: 0
[2015-05-04 12:59:39] EDIT AAROGYA1/views/default/Appointments_Booked.html: 0
[2015-05-04 12:59:59] EDIT AAROGYA1/views/default/Appointments_Booked.html: 0
[2015-05-04 13:00:11] EDIT AAROGYA1/views/default/Appointments_Booked.html: 0
[2015-05-04 13:03:36] EDIT AAROGYA1/views/default/index.html: 0
[2015-05-04 13:04:38] EDIT AAROGYA1/views/default/index.html: 0
[2015-05-04 13:05:12] EDIT AAROGYA1/views/default/index.html: -1
[2015-05-04 13:05:32] EDIT AAROGYA1/views/default/index.html: 0
[2015-05-04 13:07:46] EDIT AAROGYA1/views/default/index.html: 3
[2015-05-04 13:08:52] EDIT AAROGYA1/views/default/index.html: 0
[2015-05-04 13:13:46] EDIT AAROGYA1/views/default/index.html: 1
[2015-05-04 13:13:59] EDIT AAROGYA1/views/default/index.html: -1
[2015-05-04 13:16:15] EDIT AAROGYA1/views/default/index.html: 0
[2015-05-04 13:16:44] EDIT AAROGYA1/views/default/index.html: 2
[2015-05-04 13:17:07] EDIT AAROGYA1/views/default/index.html: 0
[2015-05-04 13:17:20] EDIT AAROGYA1/views/default/index.html: 0
[2015-05-04 13:18:22] EDIT AAROGYA1/views/default/index.html: 0
[2015-05-04 13:18:42] EDIT AAROGYA1/views/default/index.html: 0
[2015-05-04 13:18:53] EDIT AAROGYA1/views/default/index.html: 0
[2015-05-04 13:19:04] EDIT AAROGYA1/views/default/index.html: 0
[2015-05-04 13:19:28] EDIT AAROGYA1/views/default/index.html: 0
[2015-05-04 13:19:39] EDIT AAROGYA1/views/default/index.html: 0
[2015-05-04 13:20:13] EDIT AAROGYA1/views/default/index.html: 0
[2015-05-04 13:20:24] EDIT AAROGYA1/views/default/index.html: 0
[2015-05-04 13:21:13] EDIT AAROGYA1/views/default/index.html: 0
[2015-05-04 13:21:22] EDIT AAROGYA1/views/default/index.html: 0
[2015-05-04 13:21:51] EDIT AAROGYA1/views/default/index.html: -5
[2015-05-04 13:24:13] EDIT AAROGYA1/views/default/index.html: 5
[2015-05-04 13:28:25] EDIT AAROGYA1/views/default/Appointments_Booked.html: 0
[2015-05-04 13:28:29] EDIT AAROGYA1/views/default/Appointments_Booked.html: 0
[2015-05-04 13:29:07] EDIT AAROGYA1/views/default/Appointments_Booked.html: 0
[2015-05-04 13:29:07] EDIT AAROGYA1/views/default/Appointments_Booked.html: 0
[2015-05-04 13:29:08] EDIT AAROGYA1/views/default/Appointments_Booked.html: 0
[2015-05-04 13:29:08] EDIT AAROGYA1/views/default/Appointments_Booked.html: 0
[2015-05-04 13:35:04] EDIT AAROGYA1/views/default/Appointments_Booked.html: 0
[2015-05-04 13:35:52] EDIT AAROGYA1/views/default/Registration_Form.html: 0
[2015-05-04 13:35:53] EDIT AAROGYA1/views/default/Registration_Form.html: 0
[2015-05-04 13:36:27] EDIT AAROGYA1/views/default/Registration_Form.html: 0
[2015-05-04 13:37:36] EDIT AAROGYA1/views/default/Sending_Email.html: 0
[2015-05-04 13:37:58] EDIT AAROGYA1/views/default/Sending_Email.html: 1
[2015-05-04 18:32:32] EDIT AAROGYA1/views/default/Sending_Email.html: 0
[2015-05-04 18:32:40] EDIT AAROGYA1/views/default/Sending_Email.html: 0
[2015-05-04 18:35:05] EDIT AAROGYA1/views/default/Sending_Email.html: 0
[2015-05-04 18:36:01] EDIT AAROGYA1/views/default/Sending_Email.html: 0
[2015-05-04 18:37:20] EDIT AAROGYA1/views/default/Sending_Email.html: 0
[2015-05-04 18:38:28] EDIT AAROGYA1/controllers/default.py: 0
[2015-05-04 18:39:04] EDIT AAROGYA1/controllers/default.py: 0
[2015-05-04 18:40:24] EDIT AAROGYA1/controllers/default.py: 0
[2015-05-04 18:40:41] EDIT AAROGYA1/controllers/default.py: 0
[2015-05-04 18:40:53] EDIT AAROGYA1/controllers/default.py: 0
[2015-05-04 18:40:56] EDIT AAROGYA1/controllers/default.py: 0
[2015-05-04 18:40:58] EDIT AAROGYA1/controllers/default.py: 0
[2015-05-04 18:42:36] EDIT AAROGYA1/views/default/Sending_Email.html: 2
[2015-05-04 18:44:49] EDIT AAROGYA1/views/default/Medicines.html: 0
[2015-05-04 18:44:50] EDIT AAROGYA1/views/default/Medicines.html: 0
[2015-05-04 18:45:26] EDIT AAROGYA1/views/default/Medicines1.html: 0
[2015-05-04 18:46:16] EDIT AAROGYA1/views/default/Appointments_Booked.html: 0
[2015-05-04 18:46:27] EDIT AAROGYA1/views/default/Appointments_Booked.html: 0
[2015-05-04 18:48:20] EDIT AAROGYA1/models/menu.py: -1
[2015-05-04 18:48:21] EDIT AAROGYA1/models/menu.py: 0
[2015-05-04 18:48:39] EDIT AAROGYA1/models/menu.py: 0
